{"/Users/michaelschneider/turing/mod4/color_picker/color_picker_be/app.js": {"path":"/Users/michaelschneider/turing/mod4/color_picker/color_picker_be/app.js","statementMap":{"0":{"start":{"line":1,"column":16},"end":{"line":1,"column":34}},"1":{"start":{"line":2,"column":13},"end":{"line":2,"column":28}},"2":{"start":{"line":3,"column":12},"end":{"line":3,"column":21}},"3":{"start":{"line":5,"column":0},"end":{"line":5,"column":39}},"4":{"start":{"line":6,"column":0},"end":{"line":6,"column":16}},"5":{"start":{"line":7,"column":0},"end":{"line":7,"column":24}},"6":{"start":{"line":8,"column":20},"end":{"line":8,"column":57}},"7":{"start":{"line":9,"column":22},"end":{"line":9,"column":56}},"8":{"start":{"line":10,"column":17},"end":{"line":10,"column":47}},"9":{"start":{"line":12,"column":0},"end":{"line":14,"column":3}},"10":{"start":{"line":13,"column":1},"end":{"line":13,"column":47}},"11":{"start":{"line":16,"column":0},"end":{"line":20,"column":3}},"12":{"start":{"line":17,"column":1},"end":{"line":19,"column":55}},"13":{"start":{"line":18,"column":20},"end":{"line":18,"column":55}},"14":{"start":{"line":19,"column":18},"end":{"line":19,"column":54}},"15":{"start":{"line":22,"column":0},"end":{"line":32,"column":3}},"16":{"start":{"line":23,"column":2},"end":{"line":31,"column":56}},"17":{"start":{"line":25,"column":4},"end":{"line":29,"column":5}},"18":{"start":{"line":26,"column":5},"end":{"line":26,"column":39}},"19":{"start":{"line":28,"column":5},"end":{"line":28,"column":61}},"20":{"start":{"line":31,"column":19},"end":{"line":31,"column":55}},"21":{"start":{"line":34,"column":0},"end":{"line":52,"column":3}},"22":{"start":{"line":35,"column":18},"end":{"line":35,"column":30}},"23":{"start":{"line":37,"column":2},"end":{"line":43,"column":3}},"24":{"start":{"line":38,"column":4},"end":{"line":42,"column":5}},"25":{"start":{"line":39,"column":6},"end":{"line":41,"column":137}},"26":{"start":{"line":45,"column":2},"end":{"line":51,"column":6}},"27":{"start":{"line":47,"column":6},"end":{"line":47,"column":51}},"28":{"start":{"line":50,"column":6},"end":{"line":50,"column":43}},"29":{"start":{"line":54,"column":0},"end":{"line":67,"column":3}},"30":{"start":{"line":55,"column":24},"end":{"line":55,"column":38}},"31":{"start":{"line":56,"column":19},"end":{"line":56,"column":31}},"32":{"start":{"line":57,"column":2},"end":{"line":66,"column":7}},"33":{"start":{"line":61,"column":6},"end":{"line":65,"column":7}},"34":{"start":{"line":62,"column":8},"end":{"line":62,"column":91}},"35":{"start":{"line":64,"column":8},"end":{"line":64,"column":65}},"36":{"start":{"line":69,"column":0},"end":{"line":83,"column":3}},"37":{"start":{"line":70,"column":1},"end":{"line":82,"column":6}},"38":{"start":{"line":72,"column":5},"end":{"line":78,"column":7}},"39":{"start":{"line":73,"column":8},"end":{"line":73,"column":81}},"40":{"start":{"line":75,"column":8},"end":{"line":77,"column":10}},"41":{"start":{"line":81,"column":5},"end":{"line":81,"column":42}},"42":{"start":{"line":85,"column":0},"end":{"line":89,"column":3}},"43":{"start":{"line":86,"column":1},"end":{"line":88,"column":55}},"44":{"start":{"line":87,"column":20},"end":{"line":87,"column":55}},"45":{"start":{"line":88,"column":18},"end":{"line":88,"column":54}},"46":{"start":{"line":91,"column":0},"end":{"line":101,"column":3}},"47":{"start":{"line":92,"column":2},"end":{"line":100,"column":56}},"48":{"start":{"line":94,"column":4},"end":{"line":98,"column":5}},"49":{"start":{"line":95,"column":5},"end":{"line":95,"column":39}},"50":{"start":{"line":97,"column":5},"end":{"line":97,"column":61}},"51":{"start":{"line":100,"column":19},"end":{"line":100,"column":55}},"52":{"start":{"line":103,"column":0},"end":{"line":121,"column":3}},"53":{"start":{"line":104,"column":18},"end":{"line":104,"column":30}},"54":{"start":{"line":106,"column":2},"end":{"line":112,"column":3}},"55":{"start":{"line":107,"column":4},"end":{"line":111,"column":5}},"56":{"start":{"line":108,"column":6},"end":{"line":110,"column":156}},"57":{"start":{"line":114,"column":2},"end":{"line":120,"column":6}},"58":{"start":{"line":116,"column":6},"end":{"line":116,"column":51}},"59":{"start":{"line":119,"column":6},"end":{"line":119,"column":43}},"60":{"start":{"line":123,"column":0},"end":{"line":137,"column":3}},"61":{"start":{"line":124,"column":1},"end":{"line":136,"column":6}},"62":{"start":{"line":126,"column":5},"end":{"line":132,"column":7}},"63":{"start":{"line":127,"column":8},"end":{"line":127,"column":74}},"64":{"start":{"line":129,"column":8},"end":{"line":131,"column":10}},"65":{"start":{"line":135,"column":5},"end":{"line":135,"column":42}},"66":{"start":{"line":139,"column":0},"end":{"line":139,"column":21}}},"fnMap":{"0":{"name":"(anonymous_0)","decl":{"start":{"line":12,"column":13},"end":{"line":12,"column":14}},"loc":{"start":{"line":12,"column":36},"end":{"line":14,"column":1}},"line":12},"1":{"name":"(anonymous_1)","decl":{"start":{"line":16,"column":28},"end":{"line":16,"column":29}},"loc":{"start":{"line":16,"column":51},"end":{"line":20,"column":1}},"line":16},"2":{"name":"(anonymous_2)","decl":{"start":{"line":18,"column":8},"end":{"line":18,"column":9}},"loc":{"start":{"line":18,"column":20},"end":{"line":18,"column":55}},"line":18},"3":{"name":"(anonymous_3)","decl":{"start":{"line":19,"column":9},"end":{"line":19,"column":10}},"loc":{"start":{"line":19,"column":18},"end":{"line":19,"column":54}},"line":19},"4":{"name":"(anonymous_4)","decl":{"start":{"line":22,"column":32},"end":{"line":22,"column":33}},"loc":{"start":{"line":22,"column":55},"end":{"line":32,"column":1}},"line":22},"5":{"name":"(anonymous_5)","decl":{"start":{"line":24,"column":9},"end":{"line":24,"column":10}},"loc":{"start":{"line":24,"column":22},"end":{"line":30,"column":4}},"line":24},"6":{"name":"(anonymous_6)","decl":{"start":{"line":31,"column":10},"end":{"line":31,"column":11}},"loc":{"start":{"line":31,"column":19},"end":{"line":31,"column":55}},"line":31},"7":{"name":"(anonymous_7)","decl":{"start":{"line":34,"column":29},"end":{"line":34,"column":30}},"loc":{"start":{"line":34,"column":52},"end":{"line":52,"column":1}},"line":34},"8":{"name":"(anonymous_8)","decl":{"start":{"line":46,"column":10},"end":{"line":46,"column":11}},"loc":{"start":{"line":46,"column":21},"end":{"line":48,"column":5}},"line":46},"9":{"name":"(anonymous_9)","decl":{"start":{"line":49,"column":11},"end":{"line":49,"column":12}},"loc":{"start":{"line":49,"column":20},"end":{"line":51,"column":5}},"line":49},"10":{"name":"(anonymous_10)","decl":{"start":{"line":54,"column":41},"end":{"line":54,"column":42}},"loc":{"start":{"line":54,"column":64},"end":{"line":67,"column":1}},"line":54},"11":{"name":"(anonymous_11)","decl":{"start":{"line":60,"column":10},"end":{"line":60,"column":11}},"loc":{"start":{"line":60,"column":21},"end":{"line":66,"column":5}},"line":60},"12":{"name":"(anonymous_12)","decl":{"start":{"line":69,"column":42},"end":{"line":69,"column":43}},"loc":{"start":{"line":69,"column":65},"end":{"line":83,"column":1}},"line":69},"13":{"name":"(anonymous_13)","decl":{"start":{"line":71,"column":10},"end":{"line":71,"column":11}},"loc":{"start":{"line":71,"column":21},"end":{"line":79,"column":5}},"line":71},"14":{"name":"(anonymous_14)","decl":{"start":{"line":80,"column":11},"end":{"line":80,"column":12}},"loc":{"start":{"line":80,"column":20},"end":{"line":82,"column":5}},"line":80},"15":{"name":"(anonymous_15)","decl":{"start":{"line":85,"column":28},"end":{"line":85,"column":29}},"loc":{"start":{"line":85,"column":51},"end":{"line":89,"column":1}},"line":85},"16":{"name":"(anonymous_16)","decl":{"start":{"line":87,"column":8},"end":{"line":87,"column":9}},"loc":{"start":{"line":87,"column":20},"end":{"line":87,"column":55}},"line":87},"17":{"name":"(anonymous_17)","decl":{"start":{"line":88,"column":9},"end":{"line":88,"column":10}},"loc":{"start":{"line":88,"column":18},"end":{"line":88,"column":54}},"line":88},"18":{"name":"(anonymous_18)","decl":{"start":{"line":91,"column":32},"end":{"line":91,"column":33}},"loc":{"start":{"line":91,"column":55},"end":{"line":101,"column":1}},"line":91},"19":{"name":"(anonymous_19)","decl":{"start":{"line":93,"column":9},"end":{"line":93,"column":10}},"loc":{"start":{"line":93,"column":22},"end":{"line":99,"column":4}},"line":93},"20":{"name":"(anonymous_20)","decl":{"start":{"line":100,"column":10},"end":{"line":100,"column":11}},"loc":{"start":{"line":100,"column":19},"end":{"line":100,"column":55}},"line":100},"21":{"name":"(anonymous_21)","decl":{"start":{"line":103,"column":29},"end":{"line":103,"column":30}},"loc":{"start":{"line":103,"column":52},"end":{"line":121,"column":1}},"line":103},"22":{"name":"(anonymous_22)","decl":{"start":{"line":115,"column":10},"end":{"line":115,"column":11}},"loc":{"start":{"line":115,"column":21},"end":{"line":117,"column":5}},"line":115},"23":{"name":"(anonymous_23)","decl":{"start":{"line":118,"column":11},"end":{"line":118,"column":12}},"loc":{"start":{"line":118,"column":20},"end":{"line":120,"column":5}},"line":118},"24":{"name":"(anonymous_24)","decl":{"start":{"line":123,"column":35},"end":{"line":123,"column":36}},"loc":{"start":{"line":123,"column":58},"end":{"line":137,"column":1}},"line":123},"25":{"name":"(anonymous_25)","decl":{"start":{"line":125,"column":10},"end":{"line":125,"column":11}},"loc":{"start":{"line":125,"column":21},"end":{"line":133,"column":5}},"line":125},"26":{"name":"(anonymous_26)","decl":{"start":{"line":134,"column":11},"end":{"line":134,"column":12}},"loc":{"start":{"line":134,"column":20},"end":{"line":136,"column":5}},"line":134}},"branchMap":{"0":{"loc":{"start":{"line":8,"column":20},"end":{"line":8,"column":57}},"type":"binary-expr","locations":[{"start":{"line":8,"column":20},"end":{"line":8,"column":40}},{"start":{"line":8,"column":44},"end":{"line":8,"column":57}}],"line":8},"1":{"loc":{"start":{"line":25,"column":4},"end":{"line":29,"column":5}},"type":"if","locations":[{"start":{"line":25,"column":4},"end":{"line":29,"column":5}},{"start":{"line":25,"column":4},"end":{"line":29,"column":5}}],"line":25},"2":{"loc":{"start":{"line":38,"column":4},"end":{"line":42,"column":5}},"type":"if","locations":[{"start":{"line":38,"column":4},"end":{"line":42,"column":5}},{"start":{"line":38,"column":4},"end":{"line":42,"column":5}}],"line":38},"3":{"loc":{"start":{"line":61,"column":6},"end":{"line":65,"column":7}},"type":"if","locations":[{"start":{"line":61,"column":6},"end":{"line":65,"column":7}},{"start":{"line":61,"column":6},"end":{"line":65,"column":7}}],"line":61},"4":{"loc":{"start":{"line":72,"column":5},"end":{"line":78,"column":7}},"type":"if","locations":[{"start":{"line":72,"column":5},"end":{"line":78,"column":7}},{"start":{"line":72,"column":5},"end":{"line":78,"column":7}}],"line":72},"5":{"loc":{"start":{"line":94,"column":4},"end":{"line":98,"column":5}},"type":"if","locations":[{"start":{"line":94,"column":4},"end":{"line":98,"column":5}},{"start":{"line":94,"column":4},"end":{"line":98,"column":5}}],"line":94},"6":{"loc":{"start":{"line":107,"column":4},"end":{"line":111,"column":5}},"type":"if","locations":[{"start":{"line":107,"column":4},"end":{"line":111,"column":5}},{"start":{"line":107,"column":4},"end":{"line":111,"column":5}}],"line":107},"7":{"loc":{"start":{"line":126,"column":5},"end":{"line":132,"column":7}},"type":"if","locations":[{"start":{"line":126,"column":5},"end":{"line":132,"column":7}},{"start":{"line":126,"column":5},"end":{"line":132,"column":7}}],"line":126}},"s":{"0":1,"1":1,"2":1,"3":1,"4":1,"5":1,"6":1,"7":1,"8":1,"9":1,"10":1,"11":1,"12":1,"13":1,"14":0,"15":1,"16":2,"17":2,"18":1,"19":1,"20":0,"21":1,"22":1,"23":1,"24":2,"25":0,"26":1,"27":1,"28":0,"29":1,"30":0,"31":0,"32":0,"33":0,"34":0,"35":0,"36":1,"37":2,"38":2,"39":1,"40":1,"41":0,"42":1,"43":1,"44":1,"45":0,"46":1,"47":2,"48":2,"49":1,"50":1,"51":0,"52":1,"53":1,"54":1,"55":7,"56":0,"57":1,"58":1,"59":0,"60":1,"61":2,"62":2,"63":1,"64":1,"65":0,"66":1},"f":{"0":1,"1":1,"2":1,"3":0,"4":2,"5":2,"6":0,"7":1,"8":1,"9":0,"10":0,"11":0,"12":2,"13":2,"14":0,"15":1,"16":1,"17":0,"18":2,"19":2,"20":0,"21":1,"22":1,"23":0,"24":2,"25":2,"26":0},"b":{"0":[1,0],"1":[1,1],"2":[0,2],"3":[0,0],"4":[1,1],"5":[1,1],"6":[0,7],"7":[1,1]},"_coverageSchema":"43e27e138ebf9cfc5966b082cf9a028302ed4184","hash":"a06998c1d2638e85f9a1bd82e017cfbbf7371da6"}
,"/Users/michaelschneider/turing/mod4/color_picker/color_picker_be/knexfile.js": {"path":"/Users/michaelschneider/turing/mod4/color_picker/color_picker_be/knexfile.js","statementMap":{"0":{"start":{"line":1,"column":0},"end":{"line":26,"column":2}}},"fnMap":{},"branchMap":{},"s":{"0":1},"f":{},"b":{},"_coverageSchema":"43e27e138ebf9cfc5966b082cf9a028302ed4184","hash":"6bf74c8bc3f841a0491c55efa852e0c790144437"}
,"/Users/michaelschneider/turing/mod4/color_picker/color_picker_be/palettes.js": {"path":"/Users/michaelschneider/turing/mod4/color_picker/color_picker_be/palettes.js","statementMap":{"0":{"start":{"line":1,"column":17},"end":{"line":38,"column":1}},"1":{"start":{"line":40,"column":0},"end":{"line":40,"column":26}}},"fnMap":{},"branchMap":{},"s":{"0":1,"1":1},"f":{},"b":{},"_coverageSchema":"43e27e138ebf9cfc5966b082cf9a028302ed4184","hash":"ee3f68e212d7b26b631a685654ddf5fbd8ef000b"}
,"/Users/michaelschneider/turing/mod4/color_picker/color_picker_be/projects.js": {"path":"/Users/michaelschneider/turing/mod4/color_picker/color_picker_be/projects.js","statementMap":{"0":{"start":{"line":1,"column":17},"end":{"line":14,"column":1}},"1":{"start":{"line":16,"column":0},"end":{"line":16,"column":26}}},"fnMap":{},"branchMap":{},"s":{"0":1,"1":1},"f":{},"b":{},"_coverageSchema":"43e27e138ebf9cfc5966b082cf9a028302ed4184","hash":"f82dc76d29ac06818e98bd5ba6a44da2a03fb4cb"}
,"/Users/michaelschneider/turing/mod4/color_picker/color_picker_be/db/seeds/test/projects.js": {"path":"/Users/michaelschneider/turing/mod4/color_picker/color_picker_be/db/seeds/test/projects.js","statementMap":{"0":{"start":{"line":1,"column":17},"end":{"line":1,"column":45}},"1":{"start":{"line":2,"column":17},"end":{"line":2,"column":45}},"2":{"start":{"line":4,"column":23},"end":{"line":25,"column":1}},"3":{"start":{"line":5,"column":2},"end":{"line":24,"column":4}},"4":{"start":{"line":10,"column":26},"end":{"line":10,"column":28}},"5":{"start":{"line":12,"column":4},"end":{"line":22,"column":6}},"6":{"start":{"line":12,"column":31},"end":{"line":12,"column":65}},"7":{"start":{"line":13,"column":6},"end":{"line":21,"column":9}},"8":{"start":{"line":23,"column":4},"end":{"line":23,"column":40}},"9":{"start":{"line":27,"column":22},"end":{"line":29,"column":1}},"10":{"start":{"line":28,"column":2},"end":{"line":28,"column":41}},"11":{"start":{"line":31,"column":0},"end":{"line":45,"column":2}},"12":{"start":{"line":33,"column":2},"end":{"line":44,"column":69}},"13":{"start":{"line":34,"column":16},"end":{"line":34,"column":38}},"14":{"start":{"line":36,"column":28},"end":{"line":36,"column":30}},"15":{"start":{"line":38,"column":6},"end":{"line":40,"column":9}},"16":{"start":{"line":39,"column":8},"end":{"line":39,"column":59}},"17":{"start":{"line":42,"column":6},"end":{"line":42,"column":41}},"18":{"start":{"line":44,"column":20},"end":{"line":44,"column":67}}},"fnMap":{"0":{"name":"(anonymous_0)","decl":{"start":{"line":4,"column":23},"end":{"line":4,"column":24}},"loc":{"start":{"line":4,"column":42},"end":{"line":25,"column":1}},"line":4},"1":{"name":"(anonymous_1)","decl":{"start":{"line":9,"column":8},"end":{"line":9,"column":9}},"loc":{"start":{"line":9,"column":21},"end":{"line":24,"column":3}},"line":9},"2":{"name":"(anonymous_2)","decl":{"start":{"line":12,"column":20},"end":{"line":12,"column":21}},"loc":{"start":{"line":12,"column":31},"end":{"line":12,"column":65}},"line":12},"3":{"name":"(anonymous_3)","decl":{"start":{"line":12,"column":75},"end":{"line":12,"column":76}},"loc":{"start":{"line":12,"column":86},"end":{"line":22,"column":5}},"line":12},"4":{"name":"(anonymous_4)","decl":{"start":{"line":27,"column":22},"end":{"line":27,"column":23}},"loc":{"start":{"line":27,"column":41},"end":{"line":29,"column":1}},"line":27},"5":{"name":"(anonymous_5)","decl":{"start":{"line":31,"column":15},"end":{"line":31,"column":16}},"loc":{"start":{"line":31,"column":30},"end":{"line":45,"column":1}},"line":31},"6":{"name":"(anonymous_6)","decl":{"start":{"line":34,"column":10},"end":{"line":34,"column":11}},"loc":{"start":{"line":34,"column":16},"end":{"line":34,"column":38}},"line":34},"7":{"name":"(anonymous_7)","decl":{"start":{"line":35,"column":10},"end":{"line":35,"column":11}},"loc":{"start":{"line":35,"column":16},"end":{"line":43,"column":5}},"line":35},"8":{"name":"(anonymous_8)","decl":{"start":{"line":38,"column":23},"end":{"line":38,"column":24}},"loc":{"start":{"line":38,"column":34},"end":{"line":40,"column":7}},"line":38},"9":{"name":"(anonymous_9)","decl":{"start":{"line":44,"column":11},"end":{"line":44,"column":12}},"loc":{"start":{"line":44,"column":20},"end":{"line":44,"column":67}},"line":44}},"branchMap":{},"s":{"0":1,"1":1,"2":1,"3":39,"4":39,"5":39,"6":156,"7":52,"8":39,"9":1,"10":52,"11":1,"12":13,"13":13,"14":13,"15":13,"16":39,"17":13,"18":0},"f":{"0":39,"1":39,"2":156,"3":52,"4":52,"5":13,"6":13,"7":13,"8":39,"9":0},"b":{},"_coverageSchema":"43e27e138ebf9cfc5966b082cf9a028302ed4184","hash":"7d1e94ff7dff6d8657ac6e4bd4987488f5876b44"}
}
