TN:
SF:/Users/michaelschneider/turing/mod4/color_picker/color_picker_be/app.js
FN:12,(anonymous_0)
FN:16,(anonymous_1)
FN:18,(anonymous_2)
FN:19,(anonymous_3)
FN:22,(anonymous_4)
FN:24,(anonymous_5)
FN:31,(anonymous_6)
FN:34,(anonymous_7)
FN:46,(anonymous_8)
FN:49,(anonymous_9)
FN:54,(anonymous_10)
FN:60,(anonymous_11)
FN:69,(anonymous_12)
FN:71,(anonymous_13)
FN:80,(anonymous_14)
FN:85,(anonymous_15)
FN:87,(anonymous_16)
FN:88,(anonymous_17)
FN:91,(anonymous_18)
FN:93,(anonymous_19)
FN:100,(anonymous_20)
FN:103,(anonymous_21)
FN:115,(anonymous_22)
FN:118,(anonymous_23)
FN:123,(anonymous_24)
FN:125,(anonymous_25)
FN:134,(anonymous_26)
FNF:27
FNH:17
FNDA:1,(anonymous_0)
FNDA:1,(anonymous_1)
FNDA:1,(anonymous_2)
FNDA:0,(anonymous_3)
FNDA:2,(anonymous_4)
FNDA:2,(anonymous_5)
FNDA:0,(anonymous_6)
FNDA:1,(anonymous_7)
FNDA:1,(anonymous_8)
FNDA:0,(anonymous_9)
FNDA:0,(anonymous_10)
FNDA:0,(anonymous_11)
FNDA:2,(anonymous_12)
FNDA:2,(anonymous_13)
FNDA:0,(anonymous_14)
FNDA:1,(anonymous_15)
FNDA:1,(anonymous_16)
FNDA:0,(anonymous_17)
FNDA:2,(anonymous_18)
FNDA:2,(anonymous_19)
FNDA:0,(anonymous_20)
FNDA:1,(anonymous_21)
FNDA:1,(anonymous_22)
FNDA:0,(anonymous_23)
FNDA:2,(anonymous_24)
FNDA:2,(anonymous_25)
FNDA:0,(anonymous_26)
DA:1,1
DA:2,1
DA:3,1
DA:5,1
DA:6,1
DA:7,1
DA:8,1
DA:9,1
DA:10,1
DA:12,1
DA:13,1
DA:16,1
DA:17,1
DA:18,1
DA:19,0
DA:22,1
DA:23,2
DA:25,2
DA:26,1
DA:28,1
DA:31,0
DA:34,1
DA:35,1
DA:37,1
DA:38,2
DA:39,0
DA:45,1
DA:47,1
DA:50,0
DA:54,1
DA:55,0
DA:56,0
DA:57,0
DA:61,0
DA:62,0
DA:64,0
DA:69,1
DA:70,2
DA:72,2
DA:73,1
DA:75,1
DA:81,0
DA:85,1
DA:86,1
DA:87,1
DA:88,0
DA:91,1
DA:92,2
DA:94,2
DA:95,1
DA:97,1
DA:100,0
DA:103,1
DA:104,1
DA:106,1
DA:107,7
DA:108,0
DA:114,1
DA:116,1
DA:119,0
DA:123,1
DA:124,2
DA:126,2
DA:127,1
DA:129,1
DA:135,0
DA:139,1
LF:67
LH:51
BRDA:8,0,0,1
BRDA:8,0,1,0
BRDA:25,1,0,1
BRDA:25,1,1,1
BRDA:38,2,0,0
BRDA:38,2,1,2
BRDA:61,3,0,0
BRDA:61,3,1,0
BRDA:72,4,0,1
BRDA:72,4,1,1
BRDA:94,5,0,1
BRDA:94,5,1,1
BRDA:107,6,0,0
BRDA:107,6,1,7
BRDA:126,7,0,1
BRDA:126,7,1,1
BRF:16
BRH:11
end_of_record
TN:
SF:/Users/michaelschneider/turing/mod4/color_picker/color_picker_be/knexfile.js
FNF:0
FNH:0
DA:1,1
LF:1
LH:1
BRF:0
BRH:0
end_of_record
TN:
SF:/Users/michaelschneider/turing/mod4/color_picker/color_picker_be/palettes.js
FNF:0
FNH:0
DA:1,1
DA:40,1
LF:2
LH:2
BRF:0
BRH:0
end_of_record
TN:
SF:/Users/michaelschneider/turing/mod4/color_picker/color_picker_be/projects.js
FNF:0
FNH:0
DA:1,1
DA:16,1
LF:2
LH:2
BRF:0
BRH:0
end_of_record
TN:
SF:/Users/michaelschneider/turing/mod4/color_picker/color_picker_be/db/seeds/test/projects.js
FN:4,(anonymous_0)
FN:9,(anonymous_1)
FN:12,(anonymous_2)
FN:12,(anonymous_3)
FN:27,(anonymous_4)
FN:31,(anonymous_5)
FN:34,(anonymous_6)
FN:35,(anonymous_7)
FN:38,(anonymous_8)
FN:44,(anonymous_9)
FNF:10
FNH:9
FNDA:39,(anonymous_0)
FNDA:39,(anonymous_1)
FNDA:156,(anonymous_2)
FNDA:52,(anonymous_3)
FNDA:52,(anonymous_4)
FNDA:13,(anonymous_5)
FNDA:13,(anonymous_6)
FNDA:13,(anonymous_7)
FNDA:39,(anonymous_8)
FNDA:0,(anonymous_9)
DA:1,1
DA:2,1
DA:4,1
DA:5,39
DA:10,39
DA:12,156
DA:13,52
DA:23,39
DA:27,1
DA:28,52
DA:31,1
DA:33,13
DA:34,13
DA:36,13
DA:38,13
DA:39,39
DA:42,13
DA:44,0
LF:18
LH:17
BRF:0
BRH:0
end_of_record
